<?xml version="1.0" encoding="UTF-8"?>
<testsuite name="MapTest" tests="1" skipped="0" failures="0" errors="0" timestamp="2022-06-17T22:21:09" hostname="STRAWBERRY" time="0.063">
  <properties/>
  <testcase name="drawLineTest()" classname="MapTest" time="0.063"/>
  <system-out><![CDATA[
222000000000000
222000000000000
222000000000000
010000000000000
001000000000000
001000000000000
000100000000000
000100000000000
000010000000000
000010000000000
000222000000000
000222000000000
000222000000000
000000000000000
000000000000000

222000000000000
222000000000000
222000000000000
010000000000000
001000000000000
001000000000000
000100000000000
000100000000000
000010000000000
000010000000000
000222000000000
000222000000000
000222000000000
000000000000000
000000000000000

000222000000000
000222000000000
000222000000000
000010000000000
000010000000000
000100000000000
000100000000000
001000000000000
001000000000000
010000000000000
222000000000000
222000000000000
222000000000000
000000000000000
000000000000000

000222000000000
000222000000000
000222000000000
000010000000000
000010000000000
000100000000000
000100000000000
001000000000000
001000000000000
010000000000000
222000000000000
222000000000000
222000000000000
000000000000000
000000000000000

222000000000000
222100000000000
222011000000000
000000110022200
000000001122200
000000000022200
000000000000000
000000000000000
000000000000000
000000000000000
000000000000000
000000000000000
000000000000000
000000000000000
000000000000000

222000000000000
222100000000000
222011000000000
000000110022200
000000001122200
000000000022200
000000000000000
000000000000000
000000000000000
000000000000000
000000000000000
000000000000000
000000000000000
000000000000000
000000000000000

000000000022200
000000000122200
000000011022200
222001100000000
222110000000000
222000000000000
000000000000000
000000000000000
000000000000000
000000000000000
000000000000000
000000000000000
000000000000000
000000000000000
000000000000000

000000000022200
000000000122200
000000011022200
222001100000000
222110000000000
222000000000000
000000000000000
000000000000000
000000000000000
000000000000000
000000000000000
000000000000000
000000000000000
000000000000000
000000000000000

222000000022200
222111111122200
222000000022200
000000000000000
000000000000000
000000000000000
000000000000000
000000000000000
000000000000000
000000000000000
000000000000000
000000000000000
000000000000000
000000000000000
000000000000000

222000000000000
222000000000000
222000000000000
010000000000000
010000000000000
010000000000000
010000000000000
010000000000000
010000000000000
010000000000000
222000000000000
222000000000000
222000000000000
000000000000000
000000000000000

222000000022200
222111111122200
222000000022200
000000000000000
000000000000000
000000000000000
000000000000000
000000000000000
000000000000000
000000000000000
000000000000000
000000000000000
000000000000000
000000000000000
000000000000000

222000000000000
222000000000000
222000000000000
010000000000000
010000000000000
010000000000000
010000000000000
010000000000000
010000000000000
010000000000000
222000000000000
222000000000000
222000000000000
000000000000000
000000000000000
]]></system-out>
  <system-err><![CDATA[]]></system-err>
</testsuite>
